<?xml version="1.0" encoding="UTF-8"?>
<!-- Generated by org.testng.reporters.JUnitReportReporter -->
<testsuite skipped="0" hostname="LAPTOP-59AOT27G" name="qaclickacademy.AppTest" tests="1" failures="0" timestamp="2020-06-22T00:01:59 IST" time="0.000" errors="0">
  <testcase name="testApp" time="0.000" classname="qaclickacademy.AppTest"/>
  <system-out/>
</testsuite> <!-- qaclickacademy.AppTest -->
