<?xml version="1.0" encoding="UTF-8"?>
<!-- Generated by org.testng.reporters.JUnitReportReporter -->
<testsuite skipped="0" hostname="LAPTOP-59AOT27G" name="qaclickacademy.selenium" tests="1" failures="0" timestamp="2020-06-21T23:44:55 IST" time="0.008" errors="0">
  <testcase name="BrowserAUtomation" time="0.008" classname="qaclickacademy.selenium"/>
  <system-out/>
</testsuite> <!-- qaclickacademy.selenium -->
