<?xml version="1.0" encoding="UTF-8"?>
<!-- Generated by org.testng.reporters.JUnitReportReporter -->
<testsuite skipped="0" hostname="LAPTOP-59AOT27G" name="qaclickacademy.seleniumTest" tests="2" failures="0" timestamp="2020-06-22T00:07:52 IST" time="0.009" errors="0">
  <testcase name="BrowserAUtomation" time="0.008" classname="qaclickacademy.seleniumTest"/>
  <system-out/>
  <testcase name="elementsUi" time="0.001" classname="qaclickacademy.seleniumTest"/>
  <system-out/>
</testsuite> <!-- qaclickacademy.seleniumTest -->
