<?xml version="1.0" encoding="UTF-8"?>
<!-- Generated by org.testng.reporters.JUnitReportReporter -->
<testsuite skipped="0" hostname="LAPTOP-59AOT27G" name="qaclickacademy.RestAPITest" tests="2" failures="0" timestamp="2020-06-22T20:48:36 IST" time="0.004" errors="0">
  <testcase name="deleteTwitter" time="0.004" classname="qaclickacademy.RestAPITest"/>
  <system-out/>
  <testcase name="postJira" time="0.000" classname="qaclickacademy.RestAPITest"/>
  <system-out/>
</testsuite> <!-- qaclickacademy.RestAPITest -->
